CRITICAL - 2020-07-18 15:20:25 --> You must use the "set" method to update an entry.
#0 C:\xampp\htdocs\payung\vendor\codeigniter4\framework\system\Database\BaseBuilder.php(2384): CodeIgniter\Database\BaseBuilder->validateUpdate()
#1 C:\xampp\htdocs\payung\vendor\codeigniter4\framework\system\Model.php(851): CodeIgniter\Database\BaseBuilder->update()
#2 C:\xampp\htdocs\payung\app\Controllers\Admin.php(340): CodeIgniter\Model->update(Array, Array)
#3 C:\xampp\htdocs\payung\vendor\codeigniter4\framework\system\CodeIgniter.php(910): App\Controllers\Admin->update_profile()
#4 C:\xampp\htdocs\payung\vendor\codeigniter4\framework\system\CodeIgniter.php(398): CodeIgniter\CodeIgniter->runController(Object(App\Controllers\Admin))
#5 C:\xampp\htdocs\payung\vendor\codeigniter4\framework\system\CodeIgniter.php(306): CodeIgniter\CodeIgniter->handleRequest(NULL, Object(Config\Cache), false)
#6 C:\xampp\htdocs\payung\public\index.php(45): CodeIgniter\CodeIgniter->run()
#7 C:\xampp\htdocs\payung\vendor\codeigniter4\framework\system\Commands\Server\rewrite.php(34): require_once('C:\\xampp\\htdocs...')
#8 {main}
CRITICAL - 2020-07-18 15:20:58 --> You must use the "set" method to update an entry.
#0 C:\xampp\htdocs\payung\vendor\codeigniter4\framework\system\Database\BaseBuilder.php(2384): CodeIgniter\Database\BaseBuilder->validateUpdate()
#1 C:\xampp\htdocs\payung\vendor\codeigniter4\framework\system\Model.php(851): CodeIgniter\Database\BaseBuilder->update()
#2 C:\xampp\htdocs\payung\app\Controllers\Admin.php(340): CodeIgniter\Model->update(Array, Array)
#3 C:\xampp\htdocs\payung\vendor\codeigniter4\framework\system\CodeIgniter.php(910): App\Controllers\Admin->update_profile()
#4 C:\xampp\htdocs\payung\vendor\codeigniter4\framework\system\CodeIgniter.php(398): CodeIgniter\CodeIgniter->runController(Object(App\Controllers\Admin))
#5 C:\xampp\htdocs\payung\vendor\codeigniter4\framework\system\CodeIgniter.php(306): CodeIgniter\CodeIgniter->handleRequest(NULL, Object(Config\Cache), false)
#6 C:\xampp\htdocs\payung\public\index.php(45): CodeIgniter\CodeIgniter->run()
#7 C:\xampp\htdocs\payung\vendor\codeigniter4\framework\system\Commands\Server\rewrite.php(34): require_once('C:\\xampp\\htdocs...')
#8 {main}
CRITICAL - 2020-07-18 15:21:05 --> You must use the "set" method to update an entry.
#0 C:\xampp\htdocs\payung\vendor\codeigniter4\framework\system\Database\BaseBuilder.php(2384): CodeIgniter\Database\BaseBuilder->validateUpdate()
#1 C:\xampp\htdocs\payung\vendor\codeigniter4\framework\system\Model.php(851): CodeIgniter\Database\BaseBuilder->update()
#2 C:\xampp\htdocs\payung\app\Controllers\Admin.php(340): CodeIgniter\Model->update(Array, Array)
#3 C:\xampp\htdocs\payung\vendor\codeigniter4\framework\system\CodeIgniter.php(910): App\Controllers\Admin->update_profile()
#4 C:\xampp\htdocs\payung\vendor\codeigniter4\framework\system\CodeIgniter.php(398): CodeIgniter\CodeIgniter->runController(Object(App\Controllers\Admin))
#5 C:\xampp\htdocs\payung\vendor\codeigniter4\framework\system\CodeIgniter.php(306): CodeIgniter\CodeIgniter->handleRequest(NULL, Object(Config\Cache), false)
#6 C:\xampp\htdocs\payung\public\index.php(45): CodeIgniter\CodeIgniter->run()
#7 C:\xampp\htdocs\payung\vendor\codeigniter4\framework\system\Commands\Server\rewrite.php(34): require_once('C:\\xampp\\htdocs...')
#8 {main}
CRITICAL - 2020-07-18 16:37:21 --> Undefined variable: users
#0 C:\xampp\htdocs\payung\app\Views\dashboard\admin\laporan\laporan_penjualan.php(46): CodeIgniter\Debug\Exceptions->errorHandler(8, 'Undefined varia...', 'C:\\xampp\\htdocs...', 46, Array)
#1 C:\xampp\htdocs\payung\vendor\codeigniter4\framework\system\View\View.php(236): include('C:\\xampp\\htdocs...')
#2 C:\xampp\htdocs\payung\vendor\codeigniter4\framework\system\Common.php(1071): CodeIgniter\View\View->render('dashboard/admin...', Array, true)
#3 C:\xampp\htdocs\payung\app\Controllers\Admin.php(358): view('dashboard/admin...', Array)
#4 C:\xampp\htdocs\payung\vendor\codeigniter4\framework\system\CodeIgniter.php(910): App\Controllers\Admin->laporan()
#5 C:\xampp\htdocs\payung\vendor\codeigniter4\framework\system\CodeIgniter.php(398): CodeIgniter\CodeIgniter->runController(Object(App\Controllers\Admin))
#6 C:\xampp\htdocs\payung\vendor\codeigniter4\framework\system\CodeIgniter.php(306): CodeIgniter\CodeIgniter->handleRequest(NULL, Object(Config\Cache), false)
#7 C:\xampp\htdocs\payung\public\index.php(45): CodeIgniter\CodeIgniter->run()
#8 C:\xampp\htdocs\payung\vendor\codeigniter4\framework\system\Commands\Server\rewrite.php(34): require_once('C:\\xampp\\htdocs...')
#9 {main}
CRITICAL - 2020-07-18 17:02:17 --> Undefined variable: users
#0 C:\xampp\htdocs\payung\app\Views\dashboard\admin\laporan\laporan_penjualan.php(46): CodeIgniter\Debug\Exceptions->errorHandler(8, 'Undefined varia...', 'C:\\xampp\\htdocs...', 46, Array)
#1 C:\xampp\htdocs\payung\vendor\codeigniter4\framework\system\View\View.php(236): include('C:\\xampp\\htdocs...')
#2 C:\xampp\htdocs\payung\vendor\codeigniter4\framework\system\Common.php(1071): CodeIgniter\View\View->render('dashboard/admin...', Array, true)
#3 C:\xampp\htdocs\payung\app\Controllers\Admin.php(358): view('dashboard/admin...', Array)
#4 C:\xampp\htdocs\payung\vendor\codeigniter4\framework\system\CodeIgniter.php(910): App\Controllers\Admin->laporan()
#5 C:\xampp\htdocs\payung\vendor\codeigniter4\framework\system\CodeIgniter.php(398): CodeIgniter\CodeIgniter->runController(Object(App\Controllers\Admin))
#6 C:\xampp\htdocs\payung\vendor\codeigniter4\framework\system\CodeIgniter.php(306): CodeIgniter\CodeIgniter->handleRequest(NULL, Object(Config\Cache), false)
#7 C:\xampp\htdocs\payung\public\index.php(45): CodeIgniter\CodeIgniter->run()
#8 C:\xampp\htdocs\payung\vendor\codeigniter4\framework\system\Commands\Server\rewrite.php(34): require_once('C:\\xampp\\htdocs...')
#9 {main}
CRITICAL - 2020-07-18 17:18:08 --> Undefined offset: 0
#0 C:\xampp\htdocs\payung\app\Views\dashboard\admin\produk\data_produk.php(82): CodeIgniter\Debug\Exceptions->errorHandler(8, 'Undefined offse...', 'C:\\xampp\\htdocs...', 82, Array)
#1 C:\xampp\htdocs\payung\vendor\codeigniter4\framework\system\View\View.php(236): include('C:\\xampp\\htdocs...')
#2 C:\xampp\htdocs\payung\vendor\codeigniter4\framework\system\Common.php(1071): CodeIgniter\View\View->render('dashboard/admin...', Array, true)
#3 C:\xampp\htdocs\payung\app\Controllers\Admin.php(131): view('dashboard/admin...', Array)
#4 C:\xampp\htdocs\payung\vendor\codeigniter4\framework\system\CodeIgniter.php(910): App\Controllers\Admin->produk()
#5 C:\xampp\htdocs\payung\vendor\codeigniter4\framework\system\CodeIgniter.php(398): CodeIgniter\CodeIgniter->runController(Object(App\Controllers\Admin))
#6 C:\xampp\htdocs\payung\vendor\codeigniter4\framework\system\CodeIgniter.php(306): CodeIgniter\CodeIgniter->handleRequest(NULL, Object(Config\Cache), false)
#7 C:\xampp\htdocs\payung\public\index.php(45): CodeIgniter\CodeIgniter->run()
#8 C:\xampp\htdocs\payung\vendor\codeigniter4\framework\system\Commands\Server\rewrite.php(34): require_once('C:\\xampp\\htdocs...')
#9 {main}
CRITICAL - 2020-07-18 17:19:05 --> Undefined offset: 0
#0 C:\xampp\htdocs\payung\app\Views\dashboard\admin\produk\data_produk.php(83): CodeIgniter\Debug\Exceptions->errorHandler(8, 'Undefined offse...', 'C:\\xampp\\htdocs...', 83, Array)
#1 C:\xampp\htdocs\payung\vendor\codeigniter4\framework\system\View\View.php(236): include('C:\\xampp\\htdocs...')
#2 C:\xampp\htdocs\payung\vendor\codeigniter4\framework\system\Common.php(1071): CodeIgniter\View\View->render('dashboard/admin...', Array, true)
#3 C:\xampp\htdocs\payung\app\Controllers\Admin.php(131): view('dashboard/admin...', Array)
#4 C:\xampp\htdocs\payung\vendor\codeigniter4\framework\system\CodeIgniter.php(910): App\Controllers\Admin->produk()
#5 C:\xampp\htdocs\payung\vendor\codeigniter4\framework\system\CodeIgniter.php(398): CodeIgniter\CodeIgniter->runController(Object(App\Controllers\Admin))
#6 C:\xampp\htdocs\payung\vendor\codeigniter4\framework\system\CodeIgniter.php(306): CodeIgniter\CodeIgniter->handleRequest(NULL, Object(Config\Cache), false)
#7 C:\xampp\htdocs\payung\public\index.php(45): CodeIgniter\CodeIgniter->run()
#8 C:\xampp\htdocs\payung\vendor\codeigniter4\framework\system\Commands\Server\rewrite.php(34): require_once('C:\\xampp\\htdocs...')
#9 {main}
CRITICAL - 2020-07-18 17:19:15 --> Undefined offset: 0
#0 C:\xampp\htdocs\payung\app\Views\dashboard\admin\produk\data_produk.php(83): CodeIgniter\Debug\Exceptions->errorHandler(8, 'Undefined offse...', 'C:\\xampp\\htdocs...', 83, Array)
#1 C:\xampp\htdocs\payung\vendor\codeigniter4\framework\system\View\View.php(236): include('C:\\xampp\\htdocs...')
#2 C:\xampp\htdocs\payung\vendor\codeigniter4\framework\system\Common.php(1071): CodeIgniter\View\View->render('dashboard/admin...', Array, true)
#3 C:\xampp\htdocs\payung\app\Controllers\Admin.php(131): view('dashboard/admin...', Array)
#4 C:\xampp\htdocs\payung\vendor\codeigniter4\framework\system\CodeIgniter.php(910): App\Controllers\Admin->produk()
#5 C:\xampp\htdocs\payung\vendor\codeigniter4\framework\system\CodeIgniter.php(398): CodeIgniter\CodeIgniter->runController(Object(App\Controllers\Admin))
#6 C:\xampp\htdocs\payung\vendor\codeigniter4\framework\system\CodeIgniter.php(306): CodeIgniter\CodeIgniter->handleRequest(NULL, Object(Config\Cache), false)
#7 C:\xampp\htdocs\payung\public\index.php(45): CodeIgniter\CodeIgniter->run()
#8 C:\xampp\htdocs\payung\vendor\codeigniter4\framework\system\Commands\Server\rewrite.php(34): require_once('C:\\xampp\\htdocs...')
#9 {main}
CRITICAL - 2020-07-18 17:19:32 --> Undefined offset: 0
#0 C:\xampp\htdocs\payung\app\Views\dashboard\admin\produk\data_produk.php(83): CodeIgniter\Debug\Exceptions->errorHandler(8, 'Undefined offse...', 'C:\\xampp\\htdocs...', 83, Array)
#1 C:\xampp\htdocs\payung\vendor\codeigniter4\framework\system\View\View.php(236): include('C:\\xampp\\htdocs...')
#2 C:\xampp\htdocs\payung\vendor\codeigniter4\framework\system\Common.php(1071): CodeIgniter\View\View->render('dashboard/admin...', Array, true)
#3 C:\xampp\htdocs\payung\app\Controllers\Admin.php(131): view('dashboard/admin...', Array)
#4 C:\xampp\htdocs\payung\vendor\codeigniter4\framework\system\CodeIgniter.php(910): App\Controllers\Admin->produk()
#5 C:\xampp\htdocs\payung\vendor\codeigniter4\framework\system\CodeIgniter.php(398): CodeIgniter\CodeIgniter->runController(Object(App\Controllers\Admin))
#6 C:\xampp\htdocs\payung\vendor\codeigniter4\framework\system\CodeIgniter.php(306): CodeIgniter\CodeIgniter->handleRequest(NULL, Object(Config\Cache), false)
#7 C:\xampp\htdocs\payung\public\index.php(45): CodeIgniter\CodeIgniter->run()
#8 C:\xampp\htdocs\payung\vendor\codeigniter4\framework\system\Commands\Server\rewrite.php(34): require_once('C:\\xampp\\htdocs...')
#9 {main}
CRITICAL - 2020-07-18 17:20:15 --> Undefined offset: 0
#0 C:\xampp\htdocs\payung\app\Views\dashboard\admin\produk\data_produk.php(83): CodeIgniter\Debug\Exceptions->errorHandler(8, 'Undefined offse...', 'C:\\xampp\\htdocs...', 83, Array)
#1 C:\xampp\htdocs\payung\vendor\codeigniter4\framework\system\View\View.php(236): include('C:\\xampp\\htdocs...')
#2 C:\xampp\htdocs\payung\vendor\codeigniter4\framework\system\Common.php(1071): CodeIgniter\View\View->render('dashboard/admin...', Array, true)
#3 C:\xampp\htdocs\payung\app\Controllers\Admin.php(131): view('dashboard/admin...', Array)
#4 C:\xampp\htdocs\payung\vendor\codeigniter4\framework\system\CodeIgniter.php(910): App\Controllers\Admin->produk()
#5 C:\xampp\htdocs\payung\vendor\codeigniter4\framework\system\CodeIgniter.php(398): CodeIgniter\CodeIgniter->runController(Object(App\Controllers\Admin))
#6 C:\xampp\htdocs\payung\vendor\codeigniter4\framework\system\CodeIgniter.php(306): CodeIgniter\CodeIgniter->handleRequest(NULL, Object(Config\Cache), false)
#7 C:\xampp\htdocs\payung\public\index.php(45): CodeIgniter\CodeIgniter->run()
#8 C:\xampp\htdocs\payung\vendor\codeigniter4\framework\system\Commands\Server\rewrite.php(34): require_once('C:\\xampp\\htdocs...')
#9 {main}
CRITICAL - 2020-07-18 17:20:34 --> Undefined offset: 0
#0 C:\xampp\htdocs\payung\app\Views\dashboard\admin\produk\data_produk.php(83): CodeIgniter\Debug\Exceptions->errorHandler(8, 'Undefined offse...', 'C:\\xampp\\htdocs...', 83, Array)
#1 C:\xampp\htdocs\payung\vendor\codeigniter4\framework\system\View\View.php(236): include('C:\\xampp\\htdocs...')
#2 C:\xampp\htdocs\payung\vendor\codeigniter4\framework\system\Common.php(1071): CodeIgniter\View\View->render('dashboard/admin...', Array, true)
#3 C:\xampp\htdocs\payung\app\Controllers\Admin.php(131): view('dashboard/admin...', Array)
#4 C:\xampp\htdocs\payung\vendor\codeigniter4\framework\system\CodeIgniter.php(910): App\Controllers\Admin->produk()
#5 C:\xampp\htdocs\payung\vendor\codeigniter4\framework\system\CodeIgniter.php(398): CodeIgniter\CodeIgniter->runController(Object(App\Controllers\Admin))
#6 C:\xampp\htdocs\payung\vendor\codeigniter4\framework\system\CodeIgniter.php(306): CodeIgniter\CodeIgniter->handleRequest(NULL, Object(Config\Cache), false)
#7 C:\xampp\htdocs\payung\public\index.php(45): CodeIgniter\CodeIgniter->run()
#8 C:\xampp\htdocs\payung\vendor\codeigniter4\framework\system\Commands\Server\rewrite.php(34): require_once('C:\\xampp\\htdocs...')
#9 {main}
CRITICAL - 2020-07-18 18:56:25 --> Undefined index: SISA
#0 C:\xampp\htdocs\payung\app\Views\dashboard\admin\laporan\laporan_penjualan.php(81): CodeIgniter\Debug\Exceptions->errorHandler(8, 'Undefined index...', 'C:\\xampp\\htdocs...', 81, Array)
#1 C:\xampp\htdocs\payung\vendor\codeigniter4\framework\system\View\View.php(236): include('C:\\xampp\\htdocs...')
#2 C:\xampp\htdocs\payung\vendor\codeigniter4\framework\system\Common.php(1071): CodeIgniter\View\View->render('dashboard/admin...', Array, true)
#3 C:\xampp\htdocs\payung\app\Controllers\Admin.php(366): view('dashboard/admin...', Array)
#4 C:\xampp\htdocs\payung\vendor\codeigniter4\framework\system\CodeIgniter.php(910): App\Controllers\Admin->laporan()
#5 C:\xampp\htdocs\payung\vendor\codeigniter4\framework\system\CodeIgniter.php(398): CodeIgniter\CodeIgniter->runController(Object(App\Controllers\Admin))
#6 C:\xampp\htdocs\payung\vendor\codeigniter4\framework\system\CodeIgniter.php(306): CodeIgniter\CodeIgniter->handleRequest(NULL, Object(Config\Cache), false)
#7 C:\xampp\htdocs\payung\public\index.php(45): CodeIgniter\CodeIgniter->run()
#8 C:\xampp\htdocs\payung\vendor\codeigniter4\framework\system\Commands\Server\rewrite.php(34): require_once('C:\\xampp\\htdocs...')
#9 {main}
CRITICAL - 2020-07-18 19:00:30 --> Unknown column 'pemesanan.order_id' in 'on clause'
#0 C:\xampp\htdocs\payung\vendor\codeigniter4\framework\system\Database\MySQLi\Connection.php(330): mysqli->query('SELECT SUM(orde...')
#1 C:\xampp\htdocs\payung\vendor\codeigniter4\framework\system\Database\BaseConnection.php(738): CodeIgniter\Database\MySQLi\Connection->execute('SELECT SUM(orde...')
#2 C:\xampp\htdocs\payung\vendor\codeigniter4\framework\system\Database\BaseConnection.php(666): CodeIgniter\Database\BaseConnection->simpleQuery('SELECT SUM(orde...')
#3 C:\xampp\htdocs\payung\vendor\codeigniter4\framework\system\Database\BaseBuilder.php(1819): CodeIgniter\Database\BaseConnection->query('SELECT SUM(orde...', Array, false)
#4 C:\xampp\htdocs\payung\vendor\codeigniter4\framework\system\Model.php(387): CodeIgniter\Database\BaseBuilder->get()
#5 C:\xampp\htdocs\payung\app\Controllers\Admin.php(369): CodeIgniter\Model->find()
#6 C:\xampp\htdocs\payung\vendor\codeigniter4\framework\system\CodeIgniter.php(910): App\Controllers\Admin->laporan()
#7 C:\xampp\htdocs\payung\vendor\codeigniter4\framework\system\CodeIgniter.php(398): CodeIgniter\CodeIgniter->runController(Object(App\Controllers\Admin))
#8 C:\xampp\htdocs\payung\vendor\codeigniter4\framework\system\CodeIgniter.php(306): CodeIgniter\CodeIgniter->handleRequest(NULL, Object(Config\Cache), false)
#9 C:\xampp\htdocs\payung\public\index.php(45): CodeIgniter\CodeIgniter->run()
#10 C:\xampp\htdocs\payung\vendor\codeigniter4\framework\system\Commands\Server\rewrite.php(34): require_once('C:\\xampp\\htdocs...')
#11 {main}
CRITICAL - 2020-07-18 19:01:04 --> Unknown column 'pemesanan.order_id' in 'on clause'
#0 C:\xampp\htdocs\payung\vendor\codeigniter4\framework\system\Database\MySQLi\Connection.php(330): mysqli->query('SELECT SUM(orde...')
#1 C:\xampp\htdocs\payung\vendor\codeigniter4\framework\system\Database\BaseConnection.php(738): CodeIgniter\Database\MySQLi\Connection->execute('SELECT SUM(orde...')
#2 C:\xampp\htdocs\payung\vendor\codeigniter4\framework\system\Database\BaseConnection.php(666): CodeIgniter\Database\BaseConnection->simpleQuery('SELECT SUM(orde...')
#3 C:\xampp\htdocs\payung\vendor\codeigniter4\framework\system\Database\BaseBuilder.php(1819): CodeIgniter\Database\BaseConnection->query('SELECT SUM(orde...', Array, false)
#4 C:\xampp\htdocs\payung\vendor\codeigniter4\framework\system\Model.php(387): CodeIgniter\Database\BaseBuilder->get()
#5 C:\xampp\htdocs\payung\app\Controllers\Admin.php(369): CodeIgniter\Model->find()
#6 C:\xampp\htdocs\payung\vendor\codeigniter4\framework\system\CodeIgniter.php(910): App\Controllers\Admin->laporan()
#7 C:\xampp\htdocs\payung\vendor\codeigniter4\framework\system\CodeIgniter.php(398): CodeIgniter\CodeIgniter->runController(Object(App\Controllers\Admin))
#8 C:\xampp\htdocs\payung\vendor\codeigniter4\framework\system\CodeIgniter.php(306): CodeIgniter\CodeIgniter->handleRequest(NULL, Object(Config\Cache), false)
#9 C:\xampp\htdocs\payung\public\index.php(45): CodeIgniter\CodeIgniter->run()
#10 C:\xampp\htdocs\payung\vendor\codeigniter4\framework\system\Commands\Server\rewrite.php(34): require_once('C:\\xampp\\htdocs...')
#11 {main}
CRITICAL - 2020-07-18 19:04:22 --> Unknown column 'suppliers.stok' in 'field list'
#0 C:\xampp\htdocs\payung\vendor\codeigniter4\framework\system\Database\MySQLi\Connection.php(330): mysqli->query('SELECT SUM(orde...')
#1 C:\xampp\htdocs\payung\vendor\codeigniter4\framework\system\Database\BaseConnection.php(738): CodeIgniter\Database\MySQLi\Connection->execute('SELECT SUM(orde...')
#2 C:\xampp\htdocs\payung\vendor\codeigniter4\framework\system\Database\BaseConnection.php(666): CodeIgniter\Database\BaseConnection->simpleQuery('SELECT SUM(orde...')
#3 C:\xampp\htdocs\payung\vendor\codeigniter4\framework\system\Database\BaseBuilder.php(1819): CodeIgniter\Database\BaseConnection->query('SELECT SUM(orde...', Array, false)
#4 C:\xampp\htdocs\payung\vendor\codeigniter4\framework\system\Model.php(387): CodeIgniter\Database\BaseBuilder->get()
#5 C:\xampp\htdocs\payung\app\Controllers\Admin.php(371): CodeIgniter\Model->find()
#6 C:\xampp\htdocs\payung\vendor\codeigniter4\framework\system\CodeIgniter.php(910): App\Controllers\Admin->laporan()
#7 C:\xampp\htdocs\payung\vendor\codeigniter4\framework\system\CodeIgniter.php(398): CodeIgniter\CodeIgniter->runController(Object(App\Controllers\Admin))
#8 C:\xampp\htdocs\payung\vendor\codeigniter4\framework\system\CodeIgniter.php(306): CodeIgniter\CodeIgniter->handleRequest(NULL, Object(Config\Cache), false)
#9 C:\xampp\htdocs\payung\public\index.php(45): CodeIgniter\CodeIgniter->run()
#10 C:\xampp\htdocs\payung\vendor\codeigniter4\framework\system\Commands\Server\rewrite.php(34): require_once('C:\\xampp\\htdocs...')
#11 {main}
CRITICAL - 2020-07-18 19:05:40 --> Undefined variable: st
#0 C:\xampp\htdocs\payung\app\Controllers\Admin.php(376): CodeIgniter\Debug\Exceptions->errorHandler(8, 'Undefined varia...', 'C:\\xampp\\htdocs...', 376, Array)
#1 C:\xampp\htdocs\payung\vendor\codeigniter4\framework\system\CodeIgniter.php(910): App\Controllers\Admin->laporan()
#2 C:\xampp\htdocs\payung\vendor\codeigniter4\framework\system\CodeIgniter.php(398): CodeIgniter\CodeIgniter->runController(Object(App\Controllers\Admin))
#3 C:\xampp\htdocs\payung\vendor\codeigniter4\framework\system\CodeIgniter.php(306): CodeIgniter\CodeIgniter->handleRequest(NULL, Object(Config\Cache), false)
#4 C:\xampp\htdocs\payung\public\index.php(45): CodeIgniter\CodeIgniter->run()
#5 C:\xampp\htdocs\payung\vendor\codeigniter4\framework\system\Commands\Server\rewrite.php(34): require_once('C:\\xampp\\htdocs...')
#6 {main}
CRITICAL - 2020-07-18 19:27:01 --> Undefined variable: stok
#0 C:\xampp\htdocs\payung\app\Controllers\Admin.php(369): CodeIgniter\Debug\Exceptions->errorHandler(8, 'Undefined varia...', 'C:\\xampp\\htdocs...', 369, Array)
#1 C:\xampp\htdocs\payung\vendor\codeigniter4\framework\system\CodeIgniter.php(910): App\Controllers\Admin->laporan_penjualan()
#2 C:\xampp\htdocs\payung\vendor\codeigniter4\framework\system\CodeIgniter.php(398): CodeIgniter\CodeIgniter->runController(Object(App\Controllers\Admin))
#3 C:\xampp\htdocs\payung\vendor\codeigniter4\framework\system\CodeIgniter.php(306): CodeIgniter\CodeIgniter->handleRequest(NULL, Object(Config\Cache), false)
#4 C:\xampp\htdocs\payung\public\index.php(45): CodeIgniter\CodeIgniter->run()
#5 C:\xampp\htdocs\payung\vendor\codeigniter4\framework\system\Commands\Server\rewrite.php(34): require_once('C:\\xampp\\htdocs...')
#6 {main}
CRITICAL - 2020-07-18 19:27:14 --> Undefined variable: stok
#0 C:\xampp\htdocs\payung\app\Views\dashboard\admin\laporan\laporan_penjualan.php(78): CodeIgniter\Debug\Exceptions->errorHandler(8, 'Undefined varia...', 'C:\\xampp\\htdocs...', 78, Array)
#1 C:\xampp\htdocs\payung\vendor\codeigniter4\framework\system\View\View.php(236): include('C:\\xampp\\htdocs...')
#2 C:\xampp\htdocs\payung\vendor\codeigniter4\framework\system\Common.php(1071): CodeIgniter\View\View->render('dashboard/admin...', Array, true)
#3 C:\xampp\htdocs\payung\app\Controllers\Admin.php(370): view('dashboard/admin...', Array)
#4 C:\xampp\htdocs\payung\vendor\codeigniter4\framework\system\CodeIgniter.php(910): App\Controllers\Admin->laporan_penjualan()
#5 C:\xampp\htdocs\payung\vendor\codeigniter4\framework\system\CodeIgniter.php(398): CodeIgniter\CodeIgniter->runController(Object(App\Controllers\Admin))
#6 C:\xampp\htdocs\payung\vendor\codeigniter4\framework\system\CodeIgniter.php(306): CodeIgniter\CodeIgniter->handleRequest(NULL, Object(Config\Cache), false)
#7 C:\xampp\htdocs\payung\public\index.php(45): CodeIgniter\CodeIgniter->run()
#8 C:\xampp\htdocs\payung\vendor\codeigniter4\framework\system\Commands\Server\rewrite.php(34): require_once('C:\\xampp\\htdocs...')
#9 {main}
CRITICAL - 2020-07-18 19:45:55 --> Undefined property: App\Libraries\Cart::$totalItems
#0 C:\xampp\htdocs\payung\app\Controllers\Home.php(128): CodeIgniter\Debug\Exceptions->errorHandler(8, 'Undefined prope...', 'C:\\xampp\\htdocs...', 128, Array)
#1 C:\xampp\htdocs\payung\vendor\codeigniter4\framework\system\CodeIgniter.php(910): App\Controllers\Home->pembayaran()
#2 C:\xampp\htdocs\payung\vendor\codeigniter4\framework\system\CodeIgniter.php(398): CodeIgniter\CodeIgniter->runController(Object(App\Controllers\Home))
#3 C:\xampp\htdocs\payung\vendor\codeigniter4\framework\system\CodeIgniter.php(306): CodeIgniter\CodeIgniter->handleRequest(NULL, Object(Config\Cache), false)
#4 C:\xampp\htdocs\payung\public\index.php(45): CodeIgniter\CodeIgniter->run()
#5 C:\xampp\htdocs\payung\vendor\codeigniter4\framework\system\Commands\Server\rewrite.php(34): require_once('C:\\xampp\\htdocs...')
#6 {main}
CRITICAL - 2020-07-18 19:46:05 --> Undefined property: App\Controllers\Home::$SUPPLIER
#0 C:\xampp\htdocs\payung\app\Controllers\Home.php(129): CodeIgniter\Debug\Exceptions->errorHandler(8, 'Undefined prope...', 'C:\\xampp\\htdocs...', 129, Array)
#1 C:\xampp\htdocs\payung\vendor\codeigniter4\framework\system\CodeIgniter.php(910): App\Controllers\Home->pembayaran()
#2 C:\xampp\htdocs\payung\vendor\codeigniter4\framework\system\CodeIgniter.php(398): CodeIgniter\CodeIgniter->runController(Object(App\Controllers\Home))
#3 C:\xampp\htdocs\payung\vendor\codeigniter4\framework\system\CodeIgniter.php(306): CodeIgniter\CodeIgniter->handleRequest(NULL, Object(Config\Cache), false)
#4 C:\xampp\htdocs\payung\public\index.php(45): CodeIgniter\CodeIgniter->run()
#5 C:\xampp\htdocs\payung\vendor\codeigniter4\framework\system\Commands\Server\rewrite.php(34): require_once('C:\\xampp\\htdocs...')
#6 {main}
CRITICAL - 2020-07-18 20:27:20 --> Trying to access array offset on value of type null
#0 C:\xampp\htdocs\payung\app\Views\dashboard\admin\produk\edit_produk.php(34): CodeIgniter\Debug\Exceptions->errorHandler(8, 'Trying to acces...', 'C:\\xampp\\htdocs...', 34, Array)
#1 C:\xampp\htdocs\payung\vendor\codeigniter4\framework\system\View\View.php(236): include('C:\\xampp\\htdocs...')
#2 C:\xampp\htdocs\payung\vendor\codeigniter4\framework\system\Common.php(1071): CodeIgniter\View\View->render('dashboard/admin...', Array, true)
#3 C:\xampp\htdocs\payung\app\Controllers\Admin.php(224): view('dashboard/admin...', Array)
#4 C:\xampp\htdocs\payung\vendor\codeigniter4\framework\system\CodeIgniter.php(910): App\Controllers\Admin->edit_produk('187978')
#5 C:\xampp\htdocs\payung\vendor\codeigniter4\framework\system\CodeIgniter.php(398): CodeIgniter\CodeIgniter->runController(Object(App\Controllers\Admin))
#6 C:\xampp\htdocs\payung\vendor\codeigniter4\framework\system\CodeIgniter.php(306): CodeIgniter\CodeIgniter->handleRequest(NULL, Object(Config\Cache), false)
#7 C:\xampp\htdocs\payung\public\index.php(45): CodeIgniter\CodeIgniter->run()
#8 C:\xampp\htdocs\payung\vendor\codeigniter4\framework\system\Commands\Server\rewrite.php(34): require_once('C:\\xampp\\htdocs...')
#9 {main}
CRITICAL - 2020-07-18 20:27:31 --> Trying to access array offset on value of type null
#0 C:\xampp\htdocs\payung\app\Views\dashboard\admin\produk\edit_produk.php(34): CodeIgniter\Debug\Exceptions->errorHandler(8, 'Trying to acces...', 'C:\\xampp\\htdocs...', 34, Array)
#1 C:\xampp\htdocs\payung\vendor\codeigniter4\framework\system\View\View.php(236): include('C:\\xampp\\htdocs...')
#2 C:\xampp\htdocs\payung\vendor\codeigniter4\framework\system\Common.php(1071): CodeIgniter\View\View->render('dashboard/admin...', Array, true)
#3 C:\xampp\htdocs\payung\app\Controllers\Admin.php(224): view('dashboard/admin...', Array)
#4 C:\xampp\htdocs\payung\vendor\codeigniter4\framework\system\CodeIgniter.php(910): App\Controllers\Admin->edit_produk('1765756')
#5 C:\xampp\htdocs\payung\vendor\codeigniter4\framework\system\CodeIgniter.php(398): CodeIgniter\CodeIgniter->runController(Object(App\Controllers\Admin))
#6 C:\xampp\htdocs\payung\vendor\codeigniter4\framework\system\CodeIgniter.php(306): CodeIgniter\CodeIgniter->handleRequest(NULL, Object(Config\Cache), false)
#7 C:\xampp\htdocs\payung\public\index.php(45): CodeIgniter\CodeIgniter->run()
#8 C:\xampp\htdocs\payung\vendor\codeigniter4\framework\system\Commands\Server\rewrite.php(34): require_once('C:\\xampp\\htdocs...')
#9 {main}
CRITICAL - 2020-07-18 20:42:21 --> Call to undefined method App\Controllers\Home::contents()
#0 C:\xampp\htdocs\payung\vendor\codeigniter4\framework\system\CodeIgniter.php(910): App\Controllers\Home->pembayaran()
#1 C:\xampp\htdocs\payung\vendor\codeigniter4\framework\system\CodeIgniter.php(398): CodeIgniter\CodeIgniter->runController(Object(App\Controllers\Home))
#2 C:\xampp\htdocs\payung\vendor\codeigniter4\framework\system\CodeIgniter.php(306): CodeIgniter\CodeIgniter->handleRequest(NULL, Object(Config\Cache), false)
#3 C:\xampp\htdocs\payung\public\index.php(45): CodeIgniter\CodeIgniter->run()
#4 C:\xampp\htdocs\payung\vendor\codeigniter4\framework\system\Commands\Server\rewrite.php(34): require_once('C:\\xampp\\htdocs...')
#5 {main}
CRITICAL - 2020-07-18 20:42:39 --> Undefined property: App\Controllers\Home::$cart
#0 C:\xampp\htdocs\payung\app\Controllers\Home.php(111): CodeIgniter\Debug\Exceptions->errorHandler(8, 'Undefined prope...', 'C:\\xampp\\htdocs...', 111, Array)
#1 C:\xampp\htdocs\payung\vendor\codeigniter4\framework\system\CodeIgniter.php(910): App\Controllers\Home->pembayaran()
#2 C:\xampp\htdocs\payung\vendor\codeigniter4\framework\system\CodeIgniter.php(398): CodeIgniter\CodeIgniter->runController(Object(App\Controllers\Home))
#3 C:\xampp\htdocs\payung\vendor\codeigniter4\framework\system\CodeIgniter.php(306): CodeIgniter\CodeIgniter->handleRequest(NULL, Object(Config\Cache), false)
#4 C:\xampp\htdocs\payung\public\index.php(45): CodeIgniter\CodeIgniter->run()
#5 C:\xampp\htdocs\payung\vendor\codeigniter4\framework\system\Commands\Server\rewrite.php(34): require_once('C:\\xampp\\htdocs...')
#6 {main}
CRITICAL - 2020-07-18 20:42:51 --> Undefined offset: 0
#0 C:\xampp\htdocs\payung\app\Controllers\Home.php(114): CodeIgniter\Debug\Exceptions->errorHandler(8, 'Undefined offse...', 'C:\\xampp\\htdocs...', 114, Array)
#1 C:\xampp\htdocs\payung\vendor\codeigniter4\framework\system\CodeIgniter.php(910): App\Controllers\Home->pembayaran()
#2 C:\xampp\htdocs\payung\vendor\codeigniter4\framework\system\CodeIgniter.php(398): CodeIgniter\CodeIgniter->runController(Object(App\Controllers\Home))
#3 C:\xampp\htdocs\payung\vendor\codeigniter4\framework\system\CodeIgniter.php(306): CodeIgniter\CodeIgniter->handleRequest(NULL, Object(Config\Cache), false)
#4 C:\xampp\htdocs\payung\public\index.php(45): CodeIgniter\CodeIgniter->run()
#5 C:\xampp\htdocs\payung\vendor\codeigniter4\framework\system\Commands\Server\rewrite.php(34): require_once('C:\\xampp\\htdocs...')
#6 {main}
CRITICAL - 2020-07-18 20:43:37 --> Undefined offset: 0
#0 C:\xampp\htdocs\payung\app\Controllers\Home.php(114): CodeIgniter\Debug\Exceptions->errorHandler(8, 'Undefined offse...', 'C:\\xampp\\htdocs...', 114, Array)
#1 C:\xampp\htdocs\payung\vendor\codeigniter4\framework\system\CodeIgniter.php(910): App\Controllers\Home->pembayaran()
#2 C:\xampp\htdocs\payung\vendor\codeigniter4\framework\system\CodeIgniter.php(398): CodeIgniter\CodeIgniter->runController(Object(App\Controllers\Home))
#3 C:\xampp\htdocs\payung\vendor\codeigniter4\framework\system\CodeIgniter.php(306): CodeIgniter\CodeIgniter->handleRequest(NULL, Object(Config\Cache), false)
#4 C:\xampp\htdocs\payung\public\index.php(45): CodeIgniter\CodeIgniter->run()
#5 C:\xampp\htdocs\payung\vendor\codeigniter4\framework\system\Commands\Server\rewrite.php(34): require_once('C:\\xampp\\htdocs...')
#6 {main}
CRITICAL - 2020-07-18 20:45:19 --> Undefined index: nama_supplier
#0 C:\xampp\htdocs\payung\app\Controllers\Home.php(133): CodeIgniter\Debug\Exceptions->errorHandler(8, 'Undefined index...', 'C:\\xampp\\htdocs...', 133, Array)
#1 C:\xampp\htdocs\payung\vendor\codeigniter4\framework\system\CodeIgniter.php(910): App\Controllers\Home->pembayaran()
#2 C:\xampp\htdocs\payung\vendor\codeigniter4\framework\system\CodeIgniter.php(398): CodeIgniter\CodeIgniter->runController(Object(App\Controllers\Home))
#3 C:\xampp\htdocs\payung\vendor\codeigniter4\framework\system\CodeIgniter.php(306): CodeIgniter\CodeIgniter->handleRequest(NULL, Object(Config\Cache), false)
#4 C:\xampp\htdocs\payung\public\index.php(45): CodeIgniter\CodeIgniter->run()
#5 C:\xampp\htdocs\payung\vendor\codeigniter4\framework\system\Commands\Server\rewrite.php(34): require_once('C:\\xampp\\htdocs...')
#6 {main}
CRITICAL - 2020-07-18 20:45:38 --> Cannot add or update a child row: a foreign key constraint fails (`payung`.`orders_products`, CONSTRAINT `orders_products_ibfk_1` FOREIGN KEY (`fk_pemesanan`) REFERENCES `pemesanan` (`order_id`) ON DELETE CASCADE ON UPDATE CASCADE)
#0 C:\xampp\htdocs\payung\vendor\codeigniter4\framework\system\Database\MySQLi\Connection.php(330): mysqli->query('INSERT INTO `or...')
#1 C:\xampp\htdocs\payung\vendor\codeigniter4\framework\system\Database\BaseConnection.php(738): CodeIgniter\Database\MySQLi\Connection->execute('INSERT INTO `or...')
#2 C:\xampp\htdocs\payung\vendor\codeigniter4\framework\system\Database\BaseConnection.php(666): CodeIgniter\Database\BaseConnection->simpleQuery('INSERT INTO `or...')
#3 C:\xampp\htdocs\payung\vendor\codeigniter4\framework\system\Database\BaseBuilder.php(2206): CodeIgniter\Database\BaseConnection->query('INSERT INTO `or...', Array, false)
#4 C:\xampp\htdocs\payung\vendor\codeigniter4\framework\system\Model.php(722): CodeIgniter\Database\BaseBuilder->insert()
#5 C:\xampp\htdocs\payung\vendor\codeigniter4\framework\system\Model.php(550): CodeIgniter\Model->insert(Array, false)
#6 C:\xampp\htdocs\payung\app\Controllers\Home.php(135): CodeIgniter\Model->save(Array)
#7 C:\xampp\htdocs\payung\vendor\codeigniter4\framework\system\CodeIgniter.php(910): App\Controllers\Home->pembayaran()
#8 C:\xampp\htdocs\payung\vendor\codeigniter4\framework\system\CodeIgniter.php(398): CodeIgniter\CodeIgniter->runController(Object(App\Controllers\Home))
#9 C:\xampp\htdocs\payung\vendor\codeigniter4\framework\system\CodeIgniter.php(306): CodeIgniter\CodeIgniter->handleRequest(NULL, Object(Config\Cache), false)
#10 C:\xampp\htdocs\payung\public\index.php(45): CodeIgniter\CodeIgniter->run()
#11 C:\xampp\htdocs\payung\vendor\codeigniter4\framework\system\Commands\Server\rewrite.php(34): require_once('C:\\xampp\\htdocs...')
#12 {main}
CRITICAL - 2020-07-18 20:46:08 --> Cannot add or update a child row: a foreign key constraint fails (`payung`.`orders_products`, CONSTRAINT `orders_products_ibfk_1` FOREIGN KEY (`fk_pemesanan`) REFERENCES `pemesanan` (`order_id`) ON DELETE CASCADE ON UPDATE CASCADE)
#0 C:\xampp\htdocs\payung\vendor\codeigniter4\framework\system\Database\MySQLi\Connection.php(330): mysqli->query('INSERT INTO `or...')
#1 C:\xampp\htdocs\payung\vendor\codeigniter4\framework\system\Database\BaseConnection.php(738): CodeIgniter\Database\MySQLi\Connection->execute('INSERT INTO `or...')
#2 C:\xampp\htdocs\payung\vendor\codeigniter4\framework\system\Database\BaseConnection.php(666): CodeIgniter\Database\BaseConnection->simpleQuery('INSERT INTO `or...')
#3 C:\xampp\htdocs\payung\vendor\codeigniter4\framework\system\Database\BaseBuilder.php(2206): CodeIgniter\Database\BaseConnection->query('INSERT INTO `or...', Array, false)
#4 C:\xampp\htdocs\payung\vendor\codeigniter4\framework\system\Model.php(722): CodeIgniter\Database\BaseBuilder->insert()
#5 C:\xampp\htdocs\payung\vendor\codeigniter4\framework\system\Model.php(550): CodeIgniter\Model->insert(Array, false)
#6 C:\xampp\htdocs\payung\app\Controllers\Home.php(135): CodeIgniter\Model->save(Array)
#7 C:\xampp\htdocs\payung\vendor\codeigniter4\framework\system\CodeIgniter.php(910): App\Controllers\Home->pembayaran()
#8 C:\xampp\htdocs\payung\vendor\codeigniter4\framework\system\CodeIgniter.php(398): CodeIgniter\CodeIgniter->runController(Object(App\Controllers\Home))
#9 C:\xampp\htdocs\payung\vendor\codeigniter4\framework\system\CodeIgniter.php(306): CodeIgniter\CodeIgniter->handleRequest(NULL, Object(Config\Cache), false)
#10 C:\xampp\htdocs\payung\public\index.php(45): CodeIgniter\CodeIgniter->run()
#11 C:\xampp\htdocs\payung\vendor\codeigniter4\framework\system\Commands\Server\rewrite.php(34): require_once('C:\\xampp\\htdocs...')
#12 {main}
CRITICAL - 2020-07-18 22:36:18 --> Trying to access array offset on value of type null
#0 C:\xampp\htdocs\payung\app\Controllers\Dashboard.php(76): CodeIgniter\Debug\Exceptions->errorHandler(8, 'Trying to acces...', 'C:\\xampp\\htdocs...', 76, Array)
#1 C:\xampp\htdocs\payung\vendor\codeigniter4\framework\system\CodeIgniter.php(910): App\Controllers\Dashboard->edit_pesanan('TRX-H0zR3Kwv')
#2 C:\xampp\htdocs\payung\vendor\codeigniter4\framework\system\CodeIgniter.php(398): CodeIgniter\CodeIgniter->runController(Object(App\Controllers\Dashboard))
#3 C:\xampp\htdocs\payung\vendor\codeigniter4\framework\system\CodeIgniter.php(306): CodeIgniter\CodeIgniter->handleRequest(NULL, Object(Config\Cache), false)
#4 C:\xampp\htdocs\payung\public\index.php(45): CodeIgniter\CodeIgniter->run()
#5 C:\xampp\htdocs\payung\vendor\codeigniter4\framework\system\Commands\Server\rewrite.php(34): require_once('C:\\xampp\\htdocs...')
#6 {main}
CRITICAL - 2020-07-18 22:36:48 --> Trying to access array offset on value of type null
#0 C:\xampp\htdocs\payung\app\Controllers\Dashboard.php(76): CodeIgniter\Debug\Exceptions->errorHandler(8, 'Trying to acces...', 'C:\\xampp\\htdocs...', 76, Array)
#1 C:\xampp\htdocs\payung\vendor\codeigniter4\framework\system\CodeIgniter.php(910): App\Controllers\Dashboard->edit_pesanan('TRX-H0zR3Kwv')
#2 C:\xampp\htdocs\payung\vendor\codeigniter4\framework\system\CodeIgniter.php(398): CodeIgniter\CodeIgniter->runController(Object(App\Controllers\Dashboard))
#3 C:\xampp\htdocs\payung\vendor\codeigniter4\framework\system\CodeIgniter.php(306): CodeIgniter\CodeIgniter->handleRequest(NULL, Object(Config\Cache), false)
#4 C:\xampp\htdocs\payung\public\index.php(45): CodeIgniter\CodeIgniter->run()
#5 C:\xampp\htdocs\payung\vendor\codeigniter4\framework\system\Commands\Server\rewrite.php(34): require_once('C:\\xampp\\htdocs...')
#6 {main}
CRITICAL - 2020-07-18 22:36:59 --> Too few arguments to function App\Controllers\Dashboard::edit_pesanan(), 0 passed in C:\xampp\htdocs\payung\vendor\codeigniter4\framework\system\CodeIgniter.php on line 910 and exactly 1 expected
#0 C:\xampp\htdocs\payung\vendor\codeigniter4\framework\system\CodeIgniter.php(910): App\Controllers\Dashboard->edit_pesanan()
#1 C:\xampp\htdocs\payung\vendor\codeigniter4\framework\system\CodeIgniter.php(398): CodeIgniter\CodeIgniter->runController(Object(App\Controllers\Dashboard))
#2 C:\xampp\htdocs\payung\vendor\codeigniter4\framework\system\CodeIgniter.php(306): CodeIgniter\CodeIgniter->handleRequest(NULL, Object(Config\Cache), false)
#3 C:\xampp\htdocs\payung\public\index.php(45): CodeIgniter\CodeIgniter->run()
#4 C:\xampp\htdocs\payung\vendor\codeigniter4\framework\system\Commands\Server\rewrite.php(34): require_once('C:\\xampp\\htdocs...')
#5 {main}
CRITICAL - 2020-07-18 22:38:32 --> Unknown column 'supplier_id' in 'field list'
#0 C:\xampp\htdocs\payung\vendor\codeigniter4\framework\system\Database\MySQLi\Connection.php(330): mysqli->query('SELECT SUM(juml...')
#1 C:\xampp\htdocs\payung\vendor\codeigniter4\framework\system\Database\BaseConnection.php(738): CodeIgniter\Database\MySQLi\Connection->execute('SELECT SUM(juml...')
#2 C:\xampp\htdocs\payung\vendor\codeigniter4\framework\system\Database\BaseConnection.php(666): CodeIgniter\Database\BaseConnection->simpleQuery('SELECT SUM(juml...')
#3 C:\xampp\htdocs\payung\vendor\codeigniter4\framework\system\Database\BaseBuilder.php(1819): CodeIgniter\Database\BaseConnection->query('SELECT SUM(juml...', Array, false)
#4 C:\xampp\htdocs\payung\vendor\codeigniter4\framework\system\Model.php(482): CodeIgniter\Database\BaseBuilder->get()
#5 C:\xampp\htdocs\payung\app\Controllers\Admin.php(325): CodeIgniter\Model->first()
#6 C:\xampp\htdocs\payung\vendor\codeigniter4\framework\system\CodeIgniter.php(910): App\Controllers\Admin->edit_pesanan('TRX-3iUXZcvz')
#7 C:\xampp\htdocs\payung\vendor\codeigniter4\framework\system\CodeIgniter.php(398): CodeIgniter\CodeIgniter->runController(Object(App\Controllers\Admin))
#8 C:\xampp\htdocs\payung\vendor\codeigniter4\framework\system\CodeIgniter.php(306): CodeIgniter\CodeIgniter->handleRequest(NULL, Object(Config\Cache), false)
#9 C:\xampp\htdocs\payung\public\index.php(45): CodeIgniter\CodeIgniter->run()
#10 C:\xampp\htdocs\payung\vendor\codeigniter4\framework\system\Commands\Server\rewrite.php(34): require_once('C:\\xampp\\htdocs...')
#11 {main}
CRITICAL - 2020-07-18 22:39:45 --> Unknown column 'orders_products.id' in 'order clause'
#0 C:\xampp\htdocs\payung\vendor\codeigniter4\framework\system\Database\MySQLi\Connection.php(330): mysqli->query('SELECT SUM(juml...')
#1 C:\xampp\htdocs\payung\vendor\codeigniter4\framework\system\Database\BaseConnection.php(738): CodeIgniter\Database\MySQLi\Connection->execute('SELECT SUM(juml...')
#2 C:\xampp\htdocs\payung\vendor\codeigniter4\framework\system\Database\BaseConnection.php(666): CodeIgniter\Database\BaseConnection->simpleQuery('SELECT SUM(juml...')
#3 C:\xampp\htdocs\payung\vendor\codeigniter4\framework\system\Database\BaseBuilder.php(1819): CodeIgniter\Database\BaseConnection->query('SELECT SUM(juml...', Array, false)
#4 C:\xampp\htdocs\payung\vendor\codeigniter4\framework\system\Model.php(482): CodeIgniter\Database\BaseBuilder->get()
#5 C:\xampp\htdocs\payung\app\Controllers\Admin.php(325): CodeIgniter\Model->first()
#6 C:\xampp\htdocs\payung\vendor\codeigniter4\framework\system\CodeIgniter.php(910): App\Controllers\Admin->edit_pesanan('TRX-3iUXZcvz')
#7 C:\xampp\htdocs\payung\vendor\codeigniter4\framework\system\CodeIgniter.php(398): CodeIgniter\CodeIgniter->runController(Object(App\Controllers\Admin))
#8 C:\xampp\htdocs\payung\vendor\codeigniter4\framework\system\CodeIgniter.php(306): CodeIgniter\CodeIgniter->handleRequest(NULL, Object(Config\Cache), false)
#9 C:\xampp\htdocs\payung\public\index.php(45): CodeIgniter\CodeIgniter->run()
#10 C:\xampp\htdocs\payung\vendor\codeigniter4\framework\system\Commands\Server\rewrite.php(34): require_once('C:\\xampp\\htdocs...')
#11 {main}
CRITICAL - 2020-07-18 22:41:32 --> Unknown column 'orders_products.id' in 'order clause'
#0 C:\xampp\htdocs\payung\vendor\codeigniter4\framework\system\Database\MySQLi\Connection.php(330): mysqli->query('SELECT SUM(juml...')
#1 C:\xampp\htdocs\payung\vendor\codeigniter4\framework\system\Database\BaseConnection.php(738): CodeIgniter\Database\MySQLi\Connection->execute('SELECT SUM(juml...')
#2 C:\xampp\htdocs\payung\vendor\codeigniter4\framework\system\Database\BaseConnection.php(666): CodeIgniter\Database\BaseConnection->simpleQuery('SELECT SUM(juml...')
#3 C:\xampp\htdocs\payung\vendor\codeigniter4\framework\system\Database\BaseBuilder.php(1819): CodeIgniter\Database\BaseConnection->query('SELECT SUM(juml...', Array, false)
#4 C:\xampp\htdocs\payung\vendor\codeigniter4\framework\system\Model.php(482): CodeIgniter\Database\BaseBuilder->get()
#5 C:\xampp\htdocs\payung\app\Controllers\Admin.php(325): CodeIgniter\Model->first()
#6 C:\xampp\htdocs\payung\vendor\codeigniter4\framework\system\CodeIgniter.php(910): App\Controllers\Admin->edit_pesanan('TRX-3iUXZcvz')
#7 C:\xampp\htdocs\payung\vendor\codeigniter4\framework\system\CodeIgniter.php(398): CodeIgniter\CodeIgniter->runController(Object(App\Controllers\Admin))
#8 C:\xampp\htdocs\payung\vendor\codeigniter4\framework\system\CodeIgniter.php(306): CodeIgniter\CodeIgniter->handleRequest(NULL, Object(Config\Cache), false)
#9 C:\xampp\htdocs\payung\public\index.php(45): CodeIgniter\CodeIgniter->run()
#10 C:\xampp\htdocs\payung\vendor\codeigniter4\framework\system\Commands\Server\rewrite.php(34): require_once('C:\\xampp\\htdocs...')
#11 {main}
CRITICAL - 2020-07-18 22:42:35 --> Call to undefined function 6()
#0 C:\xampp\htdocs\payung\vendor\codeigniter4\framework\system\CodeIgniter.php(910): App\Controllers\Admin->edit_pesanan('TRX-3iUXZcvz')
#1 C:\xampp\htdocs\payung\vendor\codeigniter4\framework\system\CodeIgniter.php(398): CodeIgniter\CodeIgniter->runController(Object(App\Controllers\Admin))
#2 C:\xampp\htdocs\payung\vendor\codeigniter4\framework\system\CodeIgniter.php(306): CodeIgniter\CodeIgniter->handleRequest(NULL, Object(Config\Cache), false)
#3 C:\xampp\htdocs\payung\public\index.php(45): CodeIgniter\CodeIgniter->run()
#4 C:\xampp\htdocs\payung\vendor\codeigniter4\framework\system\Commands\Server\rewrite.php(34): require_once('C:\\xampp\\htdocs...')
#5 {main}
CRITICAL - 2020-07-18 22:42:45 --> Undefined property: App\Controllers\Admin::$SUPPLIER
#0 C:\xampp\htdocs\payung\app\Controllers\Admin.php(333): CodeIgniter\Debug\Exceptions->errorHandler(8, 'Undefined prope...', 'C:\\xampp\\htdocs...', 333, Array)
#1 C:\xampp\htdocs\payung\vendor\codeigniter4\framework\system\CodeIgniter.php(910): App\Controllers\Admin->edit_pesanan('TRX-3iUXZcvz')
#2 C:\xampp\htdocs\payung\vendor\codeigniter4\framework\system\CodeIgniter.php(398): CodeIgniter\CodeIgniter->runController(Object(App\Controllers\Admin))
#3 C:\xampp\htdocs\payung\vendor\codeigniter4\framework\system\CodeIgniter.php(306): CodeIgniter\CodeIgniter->handleRequest(NULL, Object(Config\Cache), false)
#4 C:\xampp\htdocs\payung\public\index.php(45): CodeIgniter\CodeIgniter->run()
#5 C:\xampp\htdocs\payung\vendor\codeigniter4\framework\system\Commands\Server\rewrite.php(34): require_once('C:\\xampp\\htdocs...')
#6 {main}
CRITICAL - 2020-07-18 23:50:30 --> Unknown column 'orders_products.sisa_stok' in 'field list'
#0 C:\xampp\htdocs\payung\vendor\codeigniter4\framework\system\Database\MySQLi\Connection.php(330): mysqli->query('SELECT SUM(orde...')
#1 C:\xampp\htdocs\payung\vendor\codeigniter4\framework\system\Database\BaseConnection.php(738): CodeIgniter\Database\MySQLi\Connection->execute('SELECT SUM(orde...')
#2 C:\xampp\htdocs\payung\vendor\codeigniter4\framework\system\Database\BaseConnection.php(666): CodeIgniter\Database\BaseConnection->simpleQuery('SELECT SUM(orde...')
#3 C:\xampp\htdocs\payung\vendor\codeigniter4\framework\system\Database\BaseBuilder.php(1819): CodeIgniter\Database\BaseConnection->query('SELECT SUM(orde...', Array, false)
#4 C:\xampp\htdocs\payung\vendor\codeigniter4\framework\system\Model.php(387): CodeIgniter\Database\BaseBuilder->get()
#5 C:\xampp\htdocs\payung\app\Controllers\Admin.php(400): CodeIgniter\Model->find()
#6 C:\xampp\htdocs\payung\vendor\codeigniter4\framework\system\CodeIgniter.php(910): App\Controllers\Admin->laporan_stok()
#7 C:\xampp\htdocs\payung\vendor\codeigniter4\framework\system\CodeIgniter.php(398): CodeIgniter\CodeIgniter->runController(Object(App\Controllers\Admin))
#8 C:\xampp\htdocs\payung\vendor\codeigniter4\framework\system\CodeIgniter.php(306): CodeIgniter\CodeIgniter->handleRequest(NULL, Object(Config\Cache), false)
#9 C:\xampp\htdocs\payung\public\index.php(45): CodeIgniter\CodeIgniter->run()
#10 C:\xampp\htdocs\payung\vendor\codeigniter4\framework\system\Commands\Server\rewrite.php(34): require_once('C:\\xampp\\htdocs...')
#11 {main}
CRITICAL - 2020-07-18 23:50:39 --> Unknown column 'orders_products.sisa_stok' in 'field list'
#0 C:\xampp\htdocs\payung\vendor\codeigniter4\framework\system\Database\MySQLi\Connection.php(330): mysqli->query('SELECT SUM(orde...')
#1 C:\xampp\htdocs\payung\vendor\codeigniter4\framework\system\Database\BaseConnection.php(738): CodeIgniter\Database\MySQLi\Connection->execute('SELECT SUM(orde...')
#2 C:\xampp\htdocs\payung\vendor\codeigniter4\framework\system\Database\BaseConnection.php(666): CodeIgniter\Database\BaseConnection->simpleQuery('SELECT SUM(orde...')
#3 C:\xampp\htdocs\payung\vendor\codeigniter4\framework\system\Database\BaseBuilder.php(1819): CodeIgniter\Database\BaseConnection->query('SELECT SUM(orde...', Array, false)
#4 C:\xampp\htdocs\payung\vendor\codeigniter4\framework\system\Model.php(387): CodeIgniter\Database\BaseBuilder->get()
#5 C:\xampp\htdocs\payung\app\Controllers\Admin.php(400): CodeIgniter\Model->find()
#6 C:\xampp\htdocs\payung\vendor\codeigniter4\framework\system\CodeIgniter.php(910): App\Controllers\Admin->laporan_stok()
#7 C:\xampp\htdocs\payung\vendor\codeigniter4\framework\system\CodeIgniter.php(398): CodeIgniter\CodeIgniter->runController(Object(App\Controllers\Admin))
#8 C:\xampp\htdocs\payung\vendor\codeigniter4\framework\system\CodeIgniter.php(306): CodeIgniter\CodeIgniter->handleRequest(NULL, Object(Config\Cache), false)
#9 C:\xampp\htdocs\payung\public\index.php(45): CodeIgniter\CodeIgniter->run()
#10 C:\xampp\htdocs\payung\vendor\codeigniter4\framework\system\Commands\Server\rewrite.php(34): require_once('C:\\xampp\\htdocs...')
#11 {main}
