CRITICAL - 2020-07-17 01:06:32 --> Undefined index: order_id
#0 C:\xampp\htdocs\payung\app\Controllers\Admin.php(258): CodeIgniter\Debug\Exceptions->errorHandler(8, 'Undefined index...', 'C:\\xampp\\htdocs...', 258, Array)
#1 C:\xampp\htdocs\payung\vendor\codeigniter4\framework\system\CodeIgniter.php(910): App\Controllers\Admin->edit_pesanan('TRX-3B7mvjty')
#2 C:\xampp\htdocs\payung\vendor\codeigniter4\framework\system\CodeIgniter.php(398): CodeIgniter\CodeIgniter->runController(Object(App\Controllers\Admin))
#3 C:\xampp\htdocs\payung\vendor\codeigniter4\framework\system\CodeIgniter.php(306): CodeIgniter\CodeIgniter->handleRequest(NULL, Object(Config\Cache), false)
#4 C:\xampp\htdocs\payung\public\index.php(45): CodeIgniter\CodeIgniter->run()
#5 C:\xampp\htdocs\payung\vendor\codeigniter4\framework\system\Commands\Server\rewrite.php(34): require_once('C:\\xampp\\htdocs...')
#6 {main}
CRITICAL - 2020-07-17 01:07:33 --> Call to a member function first() on array
#0 C:\xampp\htdocs\payung\vendor\codeigniter4\framework\system\CodeIgniter.php(910): App\Controllers\Admin->edit_pesanan('TRX-3B7mvjty')
#1 C:\xampp\htdocs\payung\vendor\codeigniter4\framework\system\CodeIgniter.php(398): CodeIgniter\CodeIgniter->runController(Object(App\Controllers\Admin))
#2 C:\xampp\htdocs\payung\vendor\codeigniter4\framework\system\CodeIgniter.php(306): CodeIgniter\CodeIgniter->handleRequest(NULL, Object(Config\Cache), false)
#3 C:\xampp\htdocs\payung\public\index.php(45): CodeIgniter\CodeIgniter->run()
#4 C:\xampp\htdocs\payung\vendor\codeigniter4\framework\system\Commands\Server\rewrite.php(34): require_once('C:\\xampp\\htdocs...')
#5 {main}
CRITICAL - 2020-07-17 01:12:21 --> Invalid file: admin/pesanan/edit_pesanan.php
#0 C:\xampp\htdocs\payung\vendor\codeigniter4\framework\system\View\View.php(224): CodeIgniter\Exceptions\FrameworkException::forInvalidFile('admin/pesanan/e...')
#1 C:\xampp\htdocs\payung\vendor\codeigniter4\framework\system\Common.php(1071): CodeIgniter\View\View->render('admin/pesanan/e...', Array, true)
#2 C:\xampp\htdocs\payung\app\Controllers\Admin.php(267): view('admin/pesanan/e...', Array)
#3 C:\xampp\htdocs\payung\vendor\codeigniter4\framework\system\CodeIgniter.php(910): App\Controllers\Admin->edit_pesanan('TRX-3B7mvjty')
#4 C:\xampp\htdocs\payung\vendor\codeigniter4\framework\system\CodeIgniter.php(398): CodeIgniter\CodeIgniter->runController(Object(App\Controllers\Admin))
#5 C:\xampp\htdocs\payung\vendor\codeigniter4\framework\system\CodeIgniter.php(306): CodeIgniter\CodeIgniter->handleRequest(NULL, Object(Config\Cache), false)
#6 C:\xampp\htdocs\payung\public\index.php(45): CodeIgniter\CodeIgniter->run()
#7 C:\xampp\htdocs\payung\vendor\codeigniter4\framework\system\Commands\Server\rewrite.php(34): require_once('C:\\xampp\\htdocs...')
#8 {main}
CRITICAL - 2020-07-17 01:12:35 --> Undefined index: harga_pesan_produk
#0 C:\xampp\htdocs\payung\app\Views\dashboard\admin\pesanan\edit_pesanan.php(49): CodeIgniter\Debug\Exceptions->errorHandler(8, 'Undefined index...', 'C:\\xampp\\htdocs...', 49, Array)
#1 C:\xampp\htdocs\payung\vendor\codeigniter4\framework\system\View\View.php(236): include('C:\\xampp\\htdocs...')
#2 C:\xampp\htdocs\payung\vendor\codeigniter4\framework\system\Common.php(1071): CodeIgniter\View\View->render('dashboard/admin...', Array, true)
#3 C:\xampp\htdocs\payung\app\Controllers\Admin.php(267): view('dashboard/admin...', Array)
#4 C:\xampp\htdocs\payung\vendor\codeigniter4\framework\system\CodeIgniter.php(910): App\Controllers\Admin->edit_pesanan('TRX-3B7mvjty')
#5 C:\xampp\htdocs\payung\vendor\codeigniter4\framework\system\CodeIgniter.php(398): CodeIgniter\CodeIgniter->runController(Object(App\Controllers\Admin))
#6 C:\xampp\htdocs\payung\vendor\codeigniter4\framework\system\CodeIgniter.php(306): CodeIgniter\CodeIgniter->handleRequest(NULL, Object(Config\Cache), false)
#7 C:\xampp\htdocs\payung\public\index.php(45): CodeIgniter\CodeIgniter->run()
#8 C:\xampp\htdocs\payung\vendor\codeigniter4\framework\system\Commands\Server\rewrite.php(34): require_once('C:\\xampp\\htdocs...')
#9 {main}
CRITICAL - 2020-07-17 01:21:05 --> Illegal string offset 'harga_total'
#0 C:\xampp\htdocs\payung\app\Views\dashboard\admin\pesanan\edit_pesanan.php(81): CodeIgniter\Debug\Exceptions->errorHandler(2, 'Illegal string ...', 'C:\\xampp\\htdocs...', 81, Array)
#1 C:\xampp\htdocs\payung\vendor\codeigniter4\framework\system\View\View.php(236): include('C:\\xampp\\htdocs...')
#2 C:\xampp\htdocs\payung\vendor\codeigniter4\framework\system\Common.php(1071): CodeIgniter\View\View->render('dashboard/admin...', Array, true)
#3 C:\xampp\htdocs\payung\app\Controllers\Admin.php(267): view('dashboard/admin...', Array)
#4 C:\xampp\htdocs\payung\vendor\codeigniter4\framework\system\CodeIgniter.php(910): App\Controllers\Admin->edit_pesanan('TRX-EgH7Jaqb')
#5 C:\xampp\htdocs\payung\vendor\codeigniter4\framework\system\CodeIgniter.php(398): CodeIgniter\CodeIgniter->runController(Object(App\Controllers\Admin))
#6 C:\xampp\htdocs\payung\vendor\codeigniter4\framework\system\CodeIgniter.php(306): CodeIgniter\CodeIgniter->handleRequest(NULL, Object(Config\Cache), false)
#7 C:\xampp\htdocs\payung\public\index.php(45): CodeIgniter\CodeIgniter->run()
#8 C:\xampp\htdocs\payung\vendor\codeigniter4\framework\system\Commands\Server\rewrite.php(34): require_once('C:\\xampp\\htdocs...')
#9 {main}
CRITICAL - 2020-07-17 01:21:24 --> Illegal string offset 'harga_total'
#0 C:\xampp\htdocs\payung\app\Views\dashboard\admin\pesanan\edit_pesanan.php(81): CodeIgniter\Debug\Exceptions->errorHandler(2, 'Illegal string ...', 'C:\\xampp\\htdocs...', 81, Array)
#1 C:\xampp\htdocs\payung\vendor\codeigniter4\framework\system\View\View.php(236): include('C:\\xampp\\htdocs...')
#2 C:\xampp\htdocs\payung\vendor\codeigniter4\framework\system\Common.php(1071): CodeIgniter\View\View->render('dashboard/admin...', Array, true)
#3 C:\xampp\htdocs\payung\app\Controllers\Admin.php(267): view('dashboard/admin...', Array)
#4 C:\xampp\htdocs\payung\vendor\codeigniter4\framework\system\CodeIgniter.php(910): App\Controllers\Admin->edit_pesanan('TRX-EgH7Jaqb')
#5 C:\xampp\htdocs\payung\vendor\codeigniter4\framework\system\CodeIgniter.php(398): CodeIgniter\CodeIgniter->runController(Object(App\Controllers\Admin))
#6 C:\xampp\htdocs\payung\vendor\codeigniter4\framework\system\CodeIgniter.php(306): CodeIgniter\CodeIgniter->handleRequest(NULL, Object(Config\Cache), false)
#7 C:\xampp\htdocs\payung\public\index.php(45): CodeIgniter\CodeIgniter->run()
#8 C:\xampp\htdocs\payung\vendor\codeigniter4\framework\system\Commands\Server\rewrite.php(34): require_once('C:\\xampp\\htdocs...')
#9 {main}
CRITICAL - 2020-07-17 01:21:32 --> Illegal string offset 'harga_total'
#0 C:\xampp\htdocs\payung\app\Views\dashboard\admin\pesanan\edit_pesanan.php(81): CodeIgniter\Debug\Exceptions->errorHandler(2, 'Illegal string ...', 'C:\\xampp\\htdocs...', 81, Array)
#1 C:\xampp\htdocs\payung\vendor\codeigniter4\framework\system\View\View.php(236): include('C:\\xampp\\htdocs...')
#2 C:\xampp\htdocs\payung\vendor\codeigniter4\framework\system\Common.php(1071): CodeIgniter\View\View->render('dashboard/admin...', Array, true)
#3 C:\xampp\htdocs\payung\app\Controllers\Admin.php(267): view('dashboard/admin...', Array)
#4 C:\xampp\htdocs\payung\vendor\codeigniter4\framework\system\CodeIgniter.php(910): App\Controllers\Admin->edit_pesanan('TRX-EgH7Jaqb')
#5 C:\xampp\htdocs\payung\vendor\codeigniter4\framework\system\CodeIgniter.php(398): CodeIgniter\CodeIgniter->runController(Object(App\Controllers\Admin))
#6 C:\xampp\htdocs\payung\vendor\codeigniter4\framework\system\CodeIgniter.php(306): CodeIgniter\CodeIgniter->handleRequest(NULL, Object(Config\Cache), false)
#7 C:\xampp\htdocs\payung\public\index.php(45): CodeIgniter\CodeIgniter->run()
#8 C:\xampp\htdocs\payung\vendor\codeigniter4\framework\system\Commands\Server\rewrite.php(34): require_once('C:\\xampp\\htdocs...')
#9 {main}
CRITICAL - 2020-07-17 01:24:37 --> Undefined index: nama_produk
#0 C:\xampp\htdocs\payung\app\Views\dashboard\admin\pesanan\edit_pesanan.php(116): CodeIgniter\Debug\Exceptions->errorHandler(8, 'Undefined index...', 'C:\\xampp\\htdocs...', 116, Array)
#1 C:\xampp\htdocs\payung\vendor\codeigniter4\framework\system\View\View.php(236): include('C:\\xampp\\htdocs...')
#2 C:\xampp\htdocs\payung\vendor\codeigniter4\framework\system\Common.php(1071): CodeIgniter\View\View->render('dashboard/admin...', Array, true)
#3 C:\xampp\htdocs\payung\app\Controllers\Admin.php(267): view('dashboard/admin...', Array)
#4 C:\xampp\htdocs\payung\vendor\codeigniter4\framework\system\CodeIgniter.php(910): App\Controllers\Admin->edit_pesanan('TRX-EgH7Jaqb')
#5 C:\xampp\htdocs\payung\vendor\codeigniter4\framework\system\CodeIgniter.php(398): CodeIgniter\CodeIgniter->runController(Object(App\Controllers\Admin))
#6 C:\xampp\htdocs\payung\vendor\codeigniter4\framework\system\CodeIgniter.php(306): CodeIgniter\CodeIgniter->handleRequest(NULL, Object(Config\Cache), false)
#7 C:\xampp\htdocs\payung\public\index.php(45): CodeIgniter\CodeIgniter->run()
#8 C:\xampp\htdocs\payung\vendor\codeigniter4\framework\system\Commands\Server\rewrite.php(34): require_once('C:\\xampp\\htdocs...')
#9 {main}
CRITICAL - 2020-07-17 01:35:54 --> Trying to access array offset on value of type null
#0 C:\xampp\htdocs\payung\app\Controllers\Admin.php(257): CodeIgniter\Debug\Exceptions->errorHandler(8, 'Trying to acces...', 'C:\\xampp\\htdocs...', 257, Array)
#1 C:\xampp\htdocs\payung\vendor\codeigniter4\framework\system\CodeIgniter.php(910): App\Controllers\Admin->edit_pesanan('3')
#2 C:\xampp\htdocs\payung\vendor\codeigniter4\framework\system\CodeIgniter.php(398): CodeIgniter\CodeIgniter->runController(Object(App\Controllers\Admin))
#3 C:\xampp\htdocs\payung\vendor\codeigniter4\framework\system\CodeIgniter.php(306): CodeIgniter\CodeIgniter->handleRequest(NULL, Object(Config\Cache), false)
#4 C:\xampp\htdocs\payung\public\index.php(45): CodeIgniter\CodeIgniter->run()
#5 C:\xampp\htdocs\payung\vendor\codeigniter4\framework\system\Commands\Server\rewrite.php(34): require_once('C:\\xampp\\htdocs...')
#6 {main}
CRITICAL - 2020-07-17 01:38:14 --> Trying to access array offset on value of type null
#0 C:\xampp\htdocs\payung\app\Controllers\Admin.php(257): CodeIgniter\Debug\Exceptions->errorHandler(8, 'Trying to acces...', 'C:\\xampp\\htdocs...', 257, Array)
#1 C:\xampp\htdocs\payung\vendor\codeigniter4\framework\system\CodeIgniter.php(910): App\Controllers\Admin->edit_pesanan('3')
#2 C:\xampp\htdocs\payung\vendor\codeigniter4\framework\system\CodeIgniter.php(398): CodeIgniter\CodeIgniter->runController(Object(App\Controllers\Admin))
#3 C:\xampp\htdocs\payung\vendor\codeigniter4\framework\system\CodeIgniter.php(306): CodeIgniter\CodeIgniter->handleRequest(NULL, Object(Config\Cache), false)
#4 C:\xampp\htdocs\payung\public\index.php(45): CodeIgniter\CodeIgniter->run()
#5 C:\xampp\htdocs\payung\vendor\codeigniter4\framework\system\Commands\Server\rewrite.php(34): require_once('C:\\xampp\\htdocs...')
#6 {main}
CRITICAL - 2020-07-17 01:39:47 --> There is no data to update.
#0 C:\xampp\htdocs\payung\vendor\codeigniter4\framework\system\Model.php(802): CodeIgniter\Database\Exceptions\DataException::forEmptyDataset('update')
#1 C:\xampp\htdocs\payung\app\Controllers\Admin.php(269): CodeIgniter\Model->update(Array)
#2 C:\xampp\htdocs\payung\vendor\codeigniter4\framework\system\CodeIgniter.php(910): App\Controllers\Admin->edit_pesanan('TRX-EgH7Jaqb')
#3 C:\xampp\htdocs\payung\vendor\codeigniter4\framework\system\CodeIgniter.php(398): CodeIgniter\CodeIgniter->runController(Object(App\Controllers\Admin))
#4 C:\xampp\htdocs\payung\vendor\codeigniter4\framework\system\CodeIgniter.php(306): CodeIgniter\CodeIgniter->handleRequest(NULL, Object(Config\Cache), false)
#5 C:\xampp\htdocs\payung\public\index.php(45): CodeIgniter\CodeIgniter->run()
#6 C:\xampp\htdocs\payung\vendor\codeigniter4\framework\system\Commands\Server\rewrite.php(34): require_once('C:\\xampp\\htdocs...')
#7 {main}
CRITICAL - 2020-07-17 01:49:49 --> Trying to access array offset on value of type bool
#0 C:\xampp\htdocs\payung\app\Views\dashboard\admin\pesanan\tambah_pesanan.php(111): CodeIgniter\Debug\Exceptions->errorHandler(8, 'Trying to acces...', 'C:\\xampp\\htdocs...', 111, Array)
#1 C:\xampp\htdocs\payung\vendor\codeigniter4\framework\system\View\View.php(236): include('C:\\xampp\\htdocs...')
#2 C:\xampp\htdocs\payung\vendor\codeigniter4\framework\system\Common.php(1071): CodeIgniter\View\View->render('dashboard/admin...', Array, true)
#3 C:\xampp\htdocs\payung\app\Controllers\Admin.php(222): view('dashboard/admin...', Array)
#4 C:\xampp\htdocs\payung\vendor\codeigniter4\framework\system\CodeIgniter.php(910): App\Controllers\Admin->tambah_pesanan()
#5 C:\xampp\htdocs\payung\vendor\codeigniter4\framework\system\CodeIgniter.php(398): CodeIgniter\CodeIgniter->runController(Object(App\Controllers\Admin))
#6 C:\xampp\htdocs\payung\vendor\codeigniter4\framework\system\CodeIgniter.php(306): CodeIgniter\CodeIgniter->handleRequest(NULL, Object(Config\Cache), false)
#7 C:\xampp\htdocs\payung\public\index.php(45): CodeIgniter\CodeIgniter->run()
#8 C:\xampp\htdocs\payung\vendor\codeigniter4\framework\system\Commands\Server\rewrite.php(34): require_once('C:\\xampp\\htdocs...')
#9 {main}
CRITICAL - 2020-07-17 01:50:59 --> Illegal string offset 'name'
#0 C:\xampp\htdocs\payung\app\Views\dashboard\admin\pesanan\tambah_pesanan.php(112): CodeIgniter\Debug\Exceptions->errorHandler(2, 'Illegal string ...', 'C:\\xampp\\htdocs...', 112, Array)
#1 C:\xampp\htdocs\payung\vendor\codeigniter4\framework\system\View\View.php(236): include('C:\\xampp\\htdocs...')
#2 C:\xampp\htdocs\payung\vendor\codeigniter4\framework\system\Common.php(1071): CodeIgniter\View\View->render('dashboard/admin...', Array, true)
#3 C:\xampp\htdocs\payung\app\Controllers\Admin.php(223): view('dashboard/admin...', Array)
#4 C:\xampp\htdocs\payung\vendor\codeigniter4\framework\system\CodeIgniter.php(910): App\Controllers\Admin->tambah_pesanan()
#5 C:\xampp\htdocs\payung\vendor\codeigniter4\framework\system\CodeIgniter.php(398): CodeIgniter\CodeIgniter->runController(Object(App\Controllers\Admin))
#6 C:\xampp\htdocs\payung\vendor\codeigniter4\framework\system\CodeIgniter.php(306): CodeIgniter\CodeIgniter->handleRequest(NULL, Object(Config\Cache), false)
#7 C:\xampp\htdocs\payung\public\index.php(45): CodeIgniter\CodeIgniter->run()
#8 C:\xampp\htdocs\payung\vendor\codeigniter4\framework\system\Commands\Server\rewrite.php(34): require_once('C:\\xampp\\htdocs...')
#9 {main}
CRITICAL - 2020-07-17 01:52:32 --> count(): Parameter must be an array or an object that implements Countable
#0 C:\xampp\htdocs\payung\app\Views\dashboard\admin\pesanan\tambah_pesanan.php(110): CodeIgniter\Debug\Exceptions->errorHandler(2, 'count(): Parame...', 'C:\\xampp\\htdocs...', 110, Array)
#1 C:\xampp\htdocs\payung\vendor\codeigniter4\framework\system\View\View.php(236): include('C:\\xampp\\htdocs...')
#2 C:\xampp\htdocs\payung\vendor\codeigniter4\framework\system\Common.php(1071): CodeIgniter\View\View->render('dashboard/admin...', Array, true)
#3 C:\xampp\htdocs\payung\app\Controllers\Admin.php(223): view('dashboard/admin...', Array)
#4 C:\xampp\htdocs\payung\vendor\codeigniter4\framework\system\CodeIgniter.php(910): App\Controllers\Admin->tambah_pesanan()
#5 C:\xampp\htdocs\payung\vendor\codeigniter4\framework\system\CodeIgniter.php(398): CodeIgniter\CodeIgniter->runController(Object(App\Controllers\Admin))
#6 C:\xampp\htdocs\payung\vendor\codeigniter4\framework\system\CodeIgniter.php(306): CodeIgniter\CodeIgniter->handleRequest(NULL, Object(Config\Cache), false)
#7 C:\xampp\htdocs\payung\public\index.php(45): CodeIgniter\CodeIgniter->run()
#8 C:\xampp\htdocs\payung\vendor\codeigniter4\framework\system\Commands\Server\rewrite.php(34): require_once('C:\\xampp\\htdocs...')
#9 {main}
CRITICAL - 2020-07-17 01:52:59 --> Illegal string offset 'name'
#0 C:\xampp\htdocs\payung\app\Views\dashboard\admin\pesanan\tambah_pesanan.php(112): CodeIgniter\Debug\Exceptions->errorHandler(2, 'Illegal string ...', 'C:\\xampp\\htdocs...', 112, Array)
#1 C:\xampp\htdocs\payung\vendor\codeigniter4\framework\system\View\View.php(236): include('C:\\xampp\\htdocs...')
#2 C:\xampp\htdocs\payung\vendor\codeigniter4\framework\system\Common.php(1071): CodeIgniter\View\View->render('dashboard/admin...', Array, true)
#3 C:\xampp\htdocs\payung\app\Controllers\Admin.php(223): view('dashboard/admin...', Array)
#4 C:\xampp\htdocs\payung\vendor\codeigniter4\framework\system\CodeIgniter.php(910): App\Controllers\Admin->tambah_pesanan()
#5 C:\xampp\htdocs\payung\vendor\codeigniter4\framework\system\CodeIgniter.php(398): CodeIgniter\CodeIgniter->runController(Object(App\Controllers\Admin))
#6 C:\xampp\htdocs\payung\vendor\codeigniter4\framework\system\CodeIgniter.php(306): CodeIgniter\CodeIgniter->handleRequest(NULL, Object(Config\Cache), false)
#7 C:\xampp\htdocs\payung\public\index.php(45): CodeIgniter\CodeIgniter->run()
#8 C:\xampp\htdocs\payung\vendor\codeigniter4\framework\system\Commands\Server\rewrite.php(34): require_once('C:\\xampp\\htdocs...')
#9 {main}
CRITICAL - 2020-07-17 01:53:26 --> Illegal string offset 'name'
#0 C:\xampp\htdocs\payung\app\Views\dashboard\admin\pesanan\tambah_pesanan.php(112): CodeIgniter\Debug\Exceptions->errorHandler(2, 'Illegal string ...', 'C:\\xampp\\htdocs...', 112, Array)
#1 C:\xampp\htdocs\payung\vendor\codeigniter4\framework\system\View\View.php(236): include('C:\\xampp\\htdocs...')
#2 C:\xampp\htdocs\payung\vendor\codeigniter4\framework\system\Common.php(1071): CodeIgniter\View\View->render('dashboard/admin...', Array, true)
#3 C:\xampp\htdocs\payung\app\Controllers\Admin.php(223): view('dashboard/admin...', Array)
#4 C:\xampp\htdocs\payung\vendor\codeigniter4\framework\system\CodeIgniter.php(910): App\Controllers\Admin->tambah_pesanan()
#5 C:\xampp\htdocs\payung\vendor\codeigniter4\framework\system\CodeIgniter.php(398): CodeIgniter\CodeIgniter->runController(Object(App\Controllers\Admin))
#6 C:\xampp\htdocs\payung\vendor\codeigniter4\framework\system\CodeIgniter.php(306): CodeIgniter\CodeIgniter->handleRequest(NULL, Object(Config\Cache), false)
#7 C:\xampp\htdocs\payung\public\index.php(45): CodeIgniter\CodeIgniter->run()
#8 C:\xampp\htdocs\payung\vendor\codeigniter4\framework\system\Commands\Server\rewrite.php(34): require_once('C:\\xampp\\htdocs...')
#9 {main}
CRITICAL - 2020-07-17 01:57:48 --> Call to a member function getRandomName() on null
#0 C:\xampp\htdocs\payung\vendor\codeigniter4\framework\system\CodeIgniter.php(910): App\Controllers\Admin->tambah_produk()
#1 C:\xampp\htdocs\payung\vendor\codeigniter4\framework\system\CodeIgniter.php(398): CodeIgniter\CodeIgniter->runController(Object(App\Controllers\Admin))
#2 C:\xampp\htdocs\payung\vendor\codeigniter4\framework\system\CodeIgniter.php(306): CodeIgniter\CodeIgniter->handleRequest(NULL, Object(Config\Cache), false)
#3 C:\xampp\htdocs\payung\public\index.php(45): CodeIgniter\CodeIgniter->run()
#4 C:\xampp\htdocs\payung\vendor\codeigniter4\framework\system\Commands\Server\rewrite.php(34): require_once('C:\\xampp\\htdocs...')
#5 {main}
CRITICAL - 2020-07-17 01:58:02 --> Call to a member function getRandomName() on null
#0 C:\xampp\htdocs\payung\vendor\codeigniter4\framework\system\CodeIgniter.php(910): App\Controllers\Admin->tambah_produk()
#1 C:\xampp\htdocs\payung\vendor\codeigniter4\framework\system\CodeIgniter.php(398): CodeIgniter\CodeIgniter->runController(Object(App\Controllers\Admin))
#2 C:\xampp\htdocs\payung\vendor\codeigniter4\framework\system\CodeIgniter.php(306): CodeIgniter\CodeIgniter->handleRequest(NULL, Object(Config\Cache), false)
#3 C:\xampp\htdocs\payung\public\index.php(45): CodeIgniter\CodeIgniter->run()
#4 C:\xampp\htdocs\payung\vendor\codeigniter4\framework\system\Commands\Server\rewrite.php(34): require_once('C:\\xampp\\htdocs...')
#5 {main}
CRITICAL - 2020-07-17 01:59:59 --> Call to a member function getRandomName() on null
#0 C:\xampp\htdocs\payung\vendor\codeigniter4\framework\system\CodeIgniter.php(910): App\Controllers\Admin->tambah_produk()
#1 C:\xampp\htdocs\payung\vendor\codeigniter4\framework\system\CodeIgniter.php(398): CodeIgniter\CodeIgniter->runController(Object(App\Controllers\Admin))
#2 C:\xampp\htdocs\payung\vendor\codeigniter4\framework\system\CodeIgniter.php(306): CodeIgniter\CodeIgniter->handleRequest(NULL, Object(Config\Cache), false)
#3 C:\xampp\htdocs\payung\public\index.php(45): CodeIgniter\CodeIgniter->run()
#4 C:\xampp\htdocs\payung\vendor\codeigniter4\framework\system\Commands\Server\rewrite.php(34): require_once('C:\\xampp\\htdocs...')
#5 {main}
CRITICAL - 2020-07-17 02:00:01 --> Call to a member function getRandomName() on null
#0 C:\xampp\htdocs\payung\vendor\codeigniter4\framework\system\CodeIgniter.php(910): App\Controllers\Admin->tambah_produk()
#1 C:\xampp\htdocs\payung\vendor\codeigniter4\framework\system\CodeIgniter.php(398): CodeIgniter\CodeIgniter->runController(Object(App\Controllers\Admin))
#2 C:\xampp\htdocs\payung\vendor\codeigniter4\framework\system\CodeIgniter.php(306): CodeIgniter\CodeIgniter->handleRequest(NULL, Object(Config\Cache), false)
#3 C:\xampp\htdocs\payung\public\index.php(45): CodeIgniter\CodeIgniter->run()
#4 C:\xampp\htdocs\payung\vendor\codeigniter4\framework\system\Commands\Server\rewrite.php(34): require_once('C:\\xampp\\htdocs...')
#5 {main}
CRITICAL - 2020-07-17 02:00:05 --> Call to a member function getRandomName() on null
#0 C:\xampp\htdocs\payung\vendor\codeigniter4\framework\system\CodeIgniter.php(910): App\Controllers\Admin->tambah_produk()
#1 C:\xampp\htdocs\payung\vendor\codeigniter4\framework\system\CodeIgniter.php(398): CodeIgniter\CodeIgniter->runController(Object(App\Controllers\Admin))
#2 C:\xampp\htdocs\payung\vendor\codeigniter4\framework\system\CodeIgniter.php(306): CodeIgniter\CodeIgniter->handleRequest(NULL, Object(Config\Cache), false)
#3 C:\xampp\htdocs\payung\public\index.php(45): CodeIgniter\CodeIgniter->run()
#4 C:\xampp\htdocs\payung\vendor\codeigniter4\framework\system\Commands\Server\rewrite.php(34): require_once('C:\\xampp\\htdocs...')
#5 {main}
CRITICAL - 2020-07-17 02:00:08 --> Undefined property: App\Libraries\Cart::$total
#0 C:\xampp\htdocs\payung\app\Controllers\Admin.php(219): CodeIgniter\Debug\Exceptions->errorHandler(8, 'Undefined prope...', 'C:\\xampp\\htdocs...', 219, Array)
#1 C:\xampp\htdocs\payung\vendor\codeigniter4\framework\system\CodeIgniter.php(910): App\Controllers\Admin->tambah_pesanan()
#2 C:\xampp\htdocs\payung\vendor\codeigniter4\framework\system\CodeIgniter.php(398): CodeIgniter\CodeIgniter->runController(Object(App\Controllers\Admin))
#3 C:\xampp\htdocs\payung\vendor\codeigniter4\framework\system\CodeIgniter.php(306): CodeIgniter\CodeIgniter->handleRequest(NULL, Object(Config\Cache), false)
#4 C:\xampp\htdocs\payung\public\index.php(45): CodeIgniter\CodeIgniter->run()
#5 C:\xampp\htdocs\payung\vendor\codeigniter4\framework\system\Commands\Server\rewrite.php(34): require_once('C:\\xampp\\htdocs...')
#6 {main}
CRITICAL - 2020-07-17 02:00:16 --> Undefined property: App\Libraries\Cart::$total
#0 C:\xampp\htdocs\payung\app\Controllers\Admin.php(219): CodeIgniter\Debug\Exceptions->errorHandler(8, 'Undefined prope...', 'C:\\xampp\\htdocs...', 219, Array)
#1 C:\xampp\htdocs\payung\vendor\codeigniter4\framework\system\CodeIgniter.php(910): App\Controllers\Admin->tambah_pesanan()
#2 C:\xampp\htdocs\payung\vendor\codeigniter4\framework\system\CodeIgniter.php(398): CodeIgniter\CodeIgniter->runController(Object(App\Controllers\Admin))
#3 C:\xampp\htdocs\payung\vendor\codeigniter4\framework\system\CodeIgniter.php(306): CodeIgniter\CodeIgniter->handleRequest(NULL, Object(Config\Cache), false)
#4 C:\xampp\htdocs\payung\public\index.php(45): CodeIgniter\CodeIgniter->run()
#5 C:\xampp\htdocs\payung\vendor\codeigniter4\framework\system\Commands\Server\rewrite.php(34): require_once('C:\\xampp\\htdocs...')
#6 {main}
CRITICAL - 2020-07-17 02:03:03 --> Column 'ongkir' cannot be null
#0 C:\xampp\htdocs\payung\vendor\codeigniter4\framework\system\Database\MySQLi\Connection.php(330): mysqli->query('INSERT INTO `pe...')
#1 C:\xampp\htdocs\payung\vendor\codeigniter4\framework\system\Database\BaseConnection.php(738): CodeIgniter\Database\MySQLi\Connection->execute('INSERT INTO `pe...')
#2 C:\xampp\htdocs\payung\vendor\codeigniter4\framework\system\Database\BaseConnection.php(666): CodeIgniter\Database\BaseConnection->simpleQuery('INSERT INTO `pe...')
#3 C:\xampp\htdocs\payung\vendor\codeigniter4\framework\system\Database\BaseBuilder.php(2206): CodeIgniter\Database\BaseConnection->query('INSERT INTO `pe...', Array, false)
#4 C:\xampp\htdocs\payung\vendor\codeigniter4\framework\system\Model.php(722): CodeIgniter\Database\BaseBuilder->insert()
#5 C:\xampp\htdocs\payung\vendor\codeigniter4\framework\system\Model.php(550): CodeIgniter\Model->insert(Array, false)
#6 C:\xampp\htdocs\payung\app\Controllers\Admin.php(239): CodeIgniter\Model->save(Array)
#7 C:\xampp\htdocs\payung\vendor\codeigniter4\framework\system\CodeIgniter.php(910): App\Controllers\Admin->tambah_pesanan()
#8 C:\xampp\htdocs\payung\vendor\codeigniter4\framework\system\CodeIgniter.php(398): CodeIgniter\CodeIgniter->runController(Object(App\Controllers\Admin))
#9 C:\xampp\htdocs\payung\vendor\codeigniter4\framework\system\CodeIgniter.php(306): CodeIgniter\CodeIgniter->handleRequest(NULL, Object(Config\Cache), false)
#10 C:\xampp\htdocs\payung\public\index.php(45): CodeIgniter\CodeIgniter->run()
#11 C:\xampp\htdocs\payung\vendor\codeigniter4\framework\system\Commands\Server\rewrite.php(34): require_once('C:\\xampp\\htdocs...')
#12 {main}
CRITICAL - 2020-07-17 02:22:35 --> Undefined index: status_pemesanan
#0 C:\xampp\htdocs\payung\app\Views\dashboard\admin\pesanan\edit_pesanan.php(82): CodeIgniter\Debug\Exceptions->errorHandler(8, 'Undefined index...', 'C:\\xampp\\htdocs...', 82, Array)
#1 C:\xampp\htdocs\payung\vendor\codeigniter4\framework\system\View\View.php(236): include('C:\\xampp\\htdocs...')
#2 C:\xampp\htdocs\payung\vendor\codeigniter4\framework\system\Common.php(1071): CodeIgniter\View\View->render('dashboard/admin...', Array, true)
#3 C:\xampp\htdocs\payung\app\Controllers\Admin.php(307): view('dashboard/admin...', Array)
#4 C:\xampp\htdocs\payung\vendor\codeigniter4\framework\system\CodeIgniter.php(910): App\Controllers\Admin->edit_pesanan('TRX-3B7mvjty')
#5 C:\xampp\htdocs\payung\vendor\codeigniter4\framework\system\CodeIgniter.php(398): CodeIgniter\CodeIgniter->runController(Object(App\Controllers\Admin))
#6 C:\xampp\htdocs\payung\vendor\codeigniter4\framework\system\CodeIgniter.php(306): CodeIgniter\CodeIgniter->handleRequest(NULL, Object(Config\Cache), false)
#7 C:\xampp\htdocs\payung\public\index.php(45): CodeIgniter\CodeIgniter->run()
#8 C:\xampp\htdocs\payung\vendor\codeigniter4\framework\system\Commands\Server\rewrite.php(34): require_once('C:\\xampp\\htdocs...')
#9 {main}
CRITICAL - 2020-07-17 02:26:27 --> Trying to access array offset on value of type null
#0 C:\xampp\htdocs\payung\app\Controllers\Admin.php(293): CodeIgniter\Debug\Exceptions->errorHandler(8, 'Trying to acces...', 'C:\\xampp\\htdocs...', 293, Array)
#1 C:\xampp\htdocs\payung\vendor\codeigniter4\framework\system\CodeIgniter.php(910): App\Controllers\Admin->edit_pesanan('TRX-mA7LWT29')
#2 C:\xampp\htdocs\payung\vendor\codeigniter4\framework\system\CodeIgniter.php(398): CodeIgniter\CodeIgniter->runController(Object(App\Controllers\Admin))
#3 C:\xampp\htdocs\payung\vendor\codeigniter4\framework\system\CodeIgniter.php(306): CodeIgniter\CodeIgniter->handleRequest(NULL, Object(Config\Cache), false)
#4 C:\xampp\htdocs\payung\public\index.php(45): CodeIgniter\CodeIgniter->run()
#5 C:\xampp\htdocs\payung\vendor\codeigniter4\framework\system\Commands\Server\rewrite.php(34): require_once('C:\\xampp\\htdocs...')
#6 {main}
CRITICAL - 2020-07-17 02:26:46 --> Trying to access array offset on value of type null
#0 C:\xampp\htdocs\payung\app\Controllers\Admin.php(293): CodeIgniter\Debug\Exceptions->errorHandler(8, 'Trying to acces...', 'C:\\xampp\\htdocs...', 293, Array)
#1 C:\xampp\htdocs\payung\vendor\codeigniter4\framework\system\CodeIgniter.php(910): App\Controllers\Admin->edit_pesanan('TRX-mA7LWT29')
#2 C:\xampp\htdocs\payung\vendor\codeigniter4\framework\system\CodeIgniter.php(398): CodeIgniter\CodeIgniter->runController(Object(App\Controllers\Admin))
#3 C:\xampp\htdocs\payung\vendor\codeigniter4\framework\system\CodeIgniter.php(306): CodeIgniter\CodeIgniter->handleRequest(NULL, Object(Config\Cache), false)
#4 C:\xampp\htdocs\payung\public\index.php(45): CodeIgniter\CodeIgniter->run()
#5 C:\xampp\htdocs\payung\vendor\codeigniter4\framework\system\Commands\Server\rewrite.php(34): require_once('C:\\xampp\\htdocs...')
#6 {main}
CRITICAL - 2020-07-17 02:27:39 --> You have an error in your SQL syntax; check the manual that corresponds to your MariaDB server version for the right syntax to use near 'OUTER JOIN `users` ON `users`.`user_id`=`pemesanan`.`fk_user`
WHERE `pemesanan`.' at line 4
#0 C:\xampp\htdocs\payung\vendor\codeigniter4\framework\system\Database\MySQLi\Connection.php(330): mysqli->query('SELECT *\nFROM `...')
#1 C:\xampp\htdocs\payung\vendor\codeigniter4\framework\system\Database\BaseConnection.php(738): CodeIgniter\Database\MySQLi\Connection->execute('SELECT *\nFROM `...')
#2 C:\xampp\htdocs\payung\vendor\codeigniter4\framework\system\Database\BaseConnection.php(666): CodeIgniter\Database\BaseConnection->simpleQuery('SELECT *\nFROM `...')
#3 C:\xampp\htdocs\payung\vendor\codeigniter4\framework\system\Database\BaseBuilder.php(1819): CodeIgniter\Database\BaseConnection->query('SELECT *\nFROM `...', Array, false)
#4 C:\xampp\htdocs\payung\vendor\codeigniter4\framework\system\Model.php(482): CodeIgniter\Database\BaseBuilder->get()
#5 C:\xampp\htdocs\payung\app\Controllers\Admin.php(290): CodeIgniter\Model->first()
#6 C:\xampp\htdocs\payung\vendor\codeigniter4\framework\system\CodeIgniter.php(910): App\Controllers\Admin->edit_pesanan('TRX-EgH7Jaqb')
#7 C:\xampp\htdocs\payung\vendor\codeigniter4\framework\system\CodeIgniter.php(398): CodeIgniter\CodeIgniter->runController(Object(App\Controllers\Admin))
#8 C:\xampp\htdocs\payung\vendor\codeigniter4\framework\system\CodeIgniter.php(306): CodeIgniter\CodeIgniter->handleRequest(NULL, Object(Config\Cache), false)
#9 C:\xampp\htdocs\payung\public\index.php(45): CodeIgniter\CodeIgniter->run()
#10 C:\xampp\htdocs\payung\vendor\codeigniter4\framework\system\Commands\Server\rewrite.php(34): require_once('C:\\xampp\\htdocs...')
#11 {main}
CRITICAL - 2020-07-17 02:59:37 --> Undefined variable: id
#0 C:\xampp\htdocs\payung\app\Controllers\Dashboard.php(72): CodeIgniter\Debug\Exceptions->errorHandler(8, 'Undefined varia...', 'C:\\xampp\\htdocs...', 72, Array)
#1 C:\xampp\htdocs\payung\vendor\codeigniter4\framework\system\CodeIgniter.php(910): App\Controllers\Dashboard->edit_pesanan('TRX-3B7mvjty')
#2 C:\xampp\htdocs\payung\vendor\codeigniter4\framework\system\CodeIgniter.php(398): CodeIgniter\CodeIgniter->runController(Object(App\Controllers\Dashboard))
#3 C:\xampp\htdocs\payung\vendor\codeigniter4\framework\system\CodeIgniter.php(306): CodeIgniter\CodeIgniter->handleRequest(NULL, Object(Config\Cache), false)
#4 C:\xampp\htdocs\payung\public\index.php(45): CodeIgniter\CodeIgniter->run()
#5 C:\xampp\htdocs\payung\vendor\codeigniter4\framework\system\Commands\Server\rewrite.php(34): require_once('C:\\xampp\\htdocs...')
#6 {main}
